<component name="libraryTable">
  <library name="junit-4.12">
    <CLASSES>
      <root url="jar://$PROJECT_DIR$/lib/junit-4.12.jar!/" />
      <root url="jar://$PROJECT_DIR$/lib/kafka-clients-0.11.1.0-SNAPSHOT.jar!/" />
      <root url="jar://$PROJECT_DIR$/lib/kafka-streams-0.11.1.0-SNAPSHOT.jar!/" />
    </CLASSES>
    <JAVADOC />
    <SOURCES />
  </library>
</component>